<?xml version="1.0" encoding="utf-8"?><testsuites name="pytest tests"><testsuite name="pytest" errors="0" failures="0" skipped="0" tests="135" time="100.666" timestamp="2026-09-19T16:20:37.305457-05:00" hostname="KRIS"><testcase classname="tests.test_auth.test_login" name="test_login_returns_bearer_token" time="0.768" /><testcase classname="tests.test_auth.test_login" name="test_login_wrong_password_returns_401" time="0.724" /><testcase classname="tests.test_auth.test_login" name="test_login_nonexistent_user_returns_401" time="0.017" /><testcase classname="tests.test_auth.test_login" name="test_login_missing_username_returns_422" time="0.012" /><testcase classname="tests.test_auth.test_login" name="test_login_missing_password_returns_422" time="0.014" /><testcase classname="tests.test_auth.test_login" name="test_login_token_allows_authenticated_request" time="0.722" /><testcase classname="tests.test_auth.test_login" name="test_invalid_token_rejected" time="0.011" /><testcase classname="tests.test_auth.test_login" name="test_login_token_is_non_empty_string" time="0.748" /><testcase classname="tests.test_auth.test_login" name="test_login_username_case_sensitive" time="0.359" /><testcase classname="tests.test_auth.test_login" name="test_two_users_receive_different_tokens" time="1.429" /><testcase classname="tests.test_auth.test_login" name="test_same_user_can_login_multiple_times" time="1.072" /><testcase classname="tests.test_auth.test_login" name="test_missing_bearer_prefix_rejected" time="0.682" /><testcase classname="tests.test_auth.test_login" name="test_no_auth_header_rejected" time="0.011" /><testcase classname="tests.test_auth.test_signup" name="test_signup_creates_user" time="0.333" /><testcase classname="tests.test_auth.test_signup" name="test_signup_duplicate_username_returns_409" time="0.360" /><testcase classname="tests.test_auth.test_signup" name="test_signup_different_users_succeed" time="0.722" /><testcase classname="tests.test_auth.test_signup" name="test_signup_missing_username_returns_422" time="0.013" /><testcase classname="tests.test_auth.test_signup" name="test_signup_missing_password_returns_422" time="0.012" /><testcase classname="tests.test_auth.test_signup" name="test_signup_empty_body_returns_422" time="0.012" /><testcase classname="tests.test_auth.test_signup" name="test_signup_returns_no_password_field" time="0.361" /><testcase classname="tests.test_auth.test_signup" name="test_signup_id_is_integer" time="0.351" /><testcase classname="tests.test_auth.test_signup" name="test_signup_username_is_case_sensitive" time="0.677" /><testcase classname="tests.test_auth.test_signup" name="test_signup_two_users_get_different_ids" time="0.719" /><testcase classname="tests.test_auth.test_signup" name="test_signup_response_schema_complete" time="0.331" /><testcase classname="tests.test_auth.test_signup" name="test_signup_created_at_is_iso_string" time="0.354" /><testcase classname="tests.test_auth.test_signup" name="test_signup_with_special_characters_in_password" time="0.379" /><testcase classname="tests.test_auth_jwt" name="test_register_succeeds" time="0.370" /><testcase classname="tests.test_auth_jwt" name="test_login_returns_access_token" time="0.717" /><testcase classname="tests.test_auth_jwt" name="test_get_todos_with_valid_token_returns_200" time="0.711" /><testcase classname="tests.test_auth_jwt" name="test_get_todos_without_token_returns_401" time="0.012" /><testcase classname="tests.test_http" name="test_put_todos_returns_405" time="0.015" /><testcase classname="tests.test_http" name="test_get_single_todo_route_not_defined_returns_405" time="0.685" /><testcase classname="tests.test_http" name="test_post_todo_by_id_returns_405" time="0.719" /><testcase classname="tests.test_http" name="test_put_todo_by_id_returns_405" time="0.732" /><testcase classname="tests.test_http" name="test_delete_auth_signup_returns_405" time="0.011" /><testcase classname="tests.test_http" name="test_get_auth_login_returns_405" time="0.011" /><testcase classname="tests.test_http" name="test_unknown_route_returns_404" time="0.010" /><testcase classname="tests.test_http" name="test_get_todo_by_id_not_allowed" time="0.734" /><testcase classname="tests.test_http" name="test_non_json_body_signup_returns_422" time="0.011" /><testcase classname="tests.test_http" name="test_non_json_body_login_returns_422" time="0.011" /><testcase classname="tests.test_http" name="test_non_json_body_create_todo_returns_422" time="0.780" /><testcase classname="tests.test_root" name="test_root_returns_200" time="0.010" /><testcase classname="tests.test_root" name="test_root_returns_json" time="0.008" /><testcase classname="tests.test_root" name="test_root_contains_message_key" time="0.009" /><testcase classname="tests.test_root" name="test_root_message_is_string" time="0.011" /><testcase classname="tests.test_root" name="test_root_no_auth_required" time="0.008" /><testcase classname="tests.test_todos.test_crud" name="test_get_todos_without_token_returns_401" time="0.011" /><testcase classname="tests.test_todos.test_crud" name="test_post_todo_without_token_returns_401" time="0.010" /><testcase classname="tests.test_todos.test_crud" name="test_get_todos_initially_empty" time="0.722" /><testcase classname="tests.test_todos.test_crud" name="test_get_todos_returns_own_todos" time="0.673" /><testcase classname="tests.test_todos.test_crud" name="test_get_todos_response_is_list" time="0.720" /><testcase classname="tests.test_todos.test_crud" name="test_get_todos_item_schema" time="0.730" /><testcase classname="tests.test_todos.test_crud" name="test_get_todos_count_matches_creates_and_deletes" time="0.743" /><testcase classname="tests.test_todos.test_crud" name="test_patch_without_token_returns_401" time="0.015" /><testcase classname="tests.test_todos.test_crud" name="test_delete_without_token_returns_401" time="0.016" /><testcase classname="tests.test_todos.test_crud" name="test_create_todo_returns_201" time="0.695" /><testcase classname="tests.test_todos.test_crud" name="test_create_todo_fields" time="0.713" /><testcase classname="tests.test_todos.test_crud" name="test_create_todo_default_priority_is_medium" time="0.766" /><testcase classname="tests.test_todos.test_crud" name="test_create_todo_with_due_date" time="0.689" /><testcase classname="tests.test_todos.test_crud" name="test_create_todo_invalid_priority_returns_422" time="0.694" /><testcase classname="tests.test_todos.test_crud" name="test_create_todo_empty_title_returns_422" time="0.700" /><testcase classname="tests.test_todos.test_crud" name="test_create_todo_missing_title_returns_422" time="0.684" /><testcase classname="tests.test_todos.test_crud" name="test_create_todo_priority_low" time="0.667" /><testcase classname="tests.test_todos.test_crud" name="test_create_todo_priority_medium_explicit" time="0.717" /><testcase classname="tests.test_todos.test_crud" name="test_create_todo_priority_high" time="0.929" /><testcase classname="tests.test_todos.test_crud" name="test_create_todo_all_fields" time="1.046" /><testcase classname="tests.test_todos.test_crud" name="test_create_todo_without_due_date_returns_null" time="1.021" /><testcase classname="tests.test_todos.test_crud" name="test_create_todo_invalid_date_format_returns_422" time="1.060" /><testcase classname="tests.test_todos.test_crud" name="test_create_todo_ids_are_unique" time="1.059" /><testcase classname="tests.test_todos.test_crud" name="test_create_todo_completed_defaults_to_false" time="1.025" /><testcase classname="tests.test_todos.test_crud" name="test_toggle_complete" time="1.038" /><testcase classname="tests.test_todos.test_crud" name="test_update_title" time="1.017" /><testcase classname="tests.test_todos.test_crud" name="test_update_priority" time="1.052" /><testcase classname="tests.test_todos.test_crud" name="test_update_due_date" time="1.021" /><testcase classname="tests.test_todos.test_crud" name="test_update_title_to_whitespace_returns_422" time="1.057" /><testcase classname="tests.test_todos.test_crud" name="test_update_nonexistent_todo_returns_404" time="1.088" /><testcase classname="tests.test_todos.test_crud" name="test_patch_empty_payload_leaves_todo_unchanged" time="1.097" /><testcase classname="tests.test_todos.test_crud" name="test_patch_multiple_fields_at_once" time="1.057" /><testcase classname="tests.test_todos.test_crud" name="test_patch_toggle_complete_back_to_false" time="1.127" /><testcase classname="tests.test_todos.test_crud" name="test_patch_clear_due_date" time="1.093" /><testcase classname="tests.test_todos.test_crud" name="test_patch_returns_full_todo_schema" time="1.081" /><testcase classname="tests.test_todos.test_crud" name="test_delete_todo" time="1.067" /><testcase classname="tests.test_todos.test_crud" name="test_deleted_todo_not_in_list" time="1.122" /><testcase classname="tests.test_todos.test_crud" name="test_delete_nonexistent_todo_returns_404" time="1.074" /><testcase classname="tests.test_todos.test_crud" name="test_delete_returns_no_body" time="1.120" /><testcase classname="tests.test_todos.test_crud" name="test_delete_twice_returns_404_second_time" time="1.093" /><testcase classname="tests.test_todos.test_crud" name="test_create_todo_owner_id_matches_user" time="2.151" /><testcase classname="tests.test_todos.test_crud" name="test_get_todos_all_items_belong_to_current_user" time="1.160" /><testcase classname="tests.test_todos.test_crud" name="test_create_todo_created_at_is_iso_string" time="1.101" /><testcase classname="tests.test_todos.test_crud" name="test_get_todos_content_type_is_json" time="1.129" /><testcase classname="tests.test_todos.test_crud" name="test_patch_preserves_untouched_fields" time="1.091" /><testcase classname="tests.test_todos.test_crud" name="test_get_todos_reflects_updates" time="1.121" /><testcase classname="tests.test_todos.test_crud" name="test_multiple_consecutive_toggles" time="1.197" /><testcase classname="tests.test_todos.test_crud" name="test_alice_token_valid_after_bob_creates_many_todos" time="2.259" /><testcase classname="tests.test_todos.test_crud" name="test_delete_one_leaves_siblings_intact" time="1.119" /><testcase classname="tests.test_todos.test_crud" name="test_list_includes_completed_todos" time="1.115" /><testcase classname="tests.test_todos.test_crud" name="test_list_includes_both_active_and_completed" time="1.150" /><testcase classname="tests.test_todos.test_crud" name="test_list_active_count_decreases_after_completion" time="1.153" /><testcase classname="tests.test_todos.test_crud" name="test_list_completed_count_after_marking_all" time="1.226" /><testcase classname="tests.test_todos.test_crud" name="test_list_completed_field_accurate_after_unmark" time="1.193" /><testcase classname="tests.test_todos.test_crud" name="test_list_does_not_auto_filter_completed_todos" time="1.160" /><testcase classname="tests.test_todos.test_isolation" name="test_user_sees_only_own_todos" time="2.187" /><testcase classname="tests.test_todos.test_isolation" name="test_bob_cannot_see_alices_todo_in_list" time="2.138" /><testcase classname="tests.test_todos.test_isolation" name="test_bob_cannot_delete_alices_todo" time="2.214" /><testcase classname="tests.test_todos.test_isolation" name="test_bob_cannot_update_alices_todo" time="1.883" /><testcase classname="tests.test_todos.test_isolation" name="test_alices_todo_unaffected_after_bob_delete_attempt" time="1.356" /><testcase classname="tests.test_todos.test_isolation" name="test_multiple_users_independent_lists" time="1.401" /><testcase classname="tests.test_todos.test_validation" name="test_create_todo_whitespace_only_title_rejected[]" time="0.668" /><testcase classname="tests.test_todos.test_validation" name="test_create_todo_whitespace_only_title_rejected[ ]" time="0.653" /><testcase classname="tests.test_todos.test_validation" name="test_create_todo_whitespace_only_title_rejected[   ]" time="0.735" /><testcase classname="tests.test_todos.test_validation" name="test_create_todo_whitespace_only_title_rejected[\t]" time="0.659" /><testcase classname="tests.test_todos.test_validation" name="test_create_todo_whitespace_only_title_rejected[\n]" time="0.679" /><testcase classname="tests.test_todos.test_validation" name="test_create_todo_whitespace_only_title_rejected[\t \n]" time="0.682" /><testcase classname="tests.test_todos.test_validation" name="test_patch_whitespace_only_title_rejected[ ]" time="0.743" /><testcase classname="tests.test_todos.test_validation" name="test_patch_whitespace_only_title_rejected[\t]" time="0.794" /><testcase classname="tests.test_todos.test_validation" name="test_patch_whitespace_only_title_rejected[\n]" time="0.734" /><testcase classname="tests.test_todos.test_validation" name="test_create_todo_priority_wrong_case_rejected[high]" time="0.722" /><testcase classname="tests.test_todos.test_validation" name="test_create_todo_priority_wrong_case_rejected[low]" time="0.728" /><testcase classname="tests.test_todos.test_validation" name="test_create_todo_priority_wrong_case_rejected[medium]" time="0.735" /><testcase classname="tests.test_todos.test_validation" name="test_create_todo_priority_wrong_case_rejected[HIGH]" time="0.702" /><testcase classname="tests.test_todos.test_validation" name="test_create_todo_priority_wrong_case_rejected[LOW]" time="0.705" /><testcase classname="tests.test_todos.test_validation" name="test_create_todo_priority_wrong_case_rejected[MEDIUM]" time="0.688" /><testcase classname="tests.test_todos.test_validation" name="test_patch_invalid_priority_rejected[high]" time="0.701" /><testcase classname="tests.test_todos.test_validation" name="test_patch_invalid_priority_rejected[low]" time="0.672" /><testcase classname="tests.test_todos.test_validation" name="test_patch_invalid_priority_rejected[medium]" time="0.702" /><testcase classname="tests.test_todos.test_validation" name="test_patch_invalid_priority_rejected[Urgent]" time="0.702" /><testcase classname="tests.test_todos.test_validation" name="test_patch_invalid_priority_rejected[Critical]" time="0.695" /><testcase classname="tests.test_todos.test_validation" name="test_create_todo_past_due_date_accepted" time="0.696" /><testcase classname="tests.test_todos.test_validation" name="test_create_todo_nonexistent_calendar_date_rejected" time="0.683" /><testcase classname="tests.test_todos.test_validation" name="test_create_todo_due_date_wrong_format_rejected" time="0.644" /><testcase classname="tests.test_todos.test_validation" name="test_patch_invalid_due_date_rejected" time="0.672" /><testcase classname="tests.test_todos.test_validation" name="test_patch_nonexistent_calendar_date_rejected" time="0.716" /><testcase classname="tests.test_todos.test_validation" name="test_patch_non_integer_id_returns_422" time="0.700" /><testcase classname="tests.test_todos.test_validation" name="test_delete_non_integer_id_returns_422" time="0.685" /><testcase classname="tests.test_todos.test_validation" name="test_patch_float_id_returns_422" time="0.692" /></testsuite></testsuites>