<?xml version="1.0" encoding="utf-8"?><testsuites name="pytest tests"><testsuite name="pytest" errors="0" failures="0" skipped="0" tests="131" time="95.770" timestamp="2026-09-19T10:54:04.365375-05:00" hostname="KRIS"><testcase classname="tests.test_auth.test_login" name="test_login_returns_bearer_token" time="1.208" /><testcase classname="tests.test_auth.test_login" name="test_login_wrong_password_returns_401" time="0.962" /><testcase classname="tests.test_auth.test_login" name="test_login_nonexistent_user_returns_401" time="0.016" /><testcase classname="tests.test_auth.test_login" name="test_login_missing_username_returns_422" time="0.033" /><testcase classname="tests.test_auth.test_login" name="test_login_missing_password_returns_422" time="0.012" /><testcase classname="tests.test_auth.test_login" name="test_login_token_allows_authenticated_request" time="0.983" /><testcase classname="tests.test_auth.test_login" name="test_invalid_token_rejected" time="0.013" /><testcase classname="tests.test_auth.test_login" name="test_login_token_is_non_empty_string" time="0.945" /><testcase classname="tests.test_auth.test_login" name="test_login_username_case_sensitive" time="0.471" /><testcase classname="tests.test_auth.test_login" name="test_two_users_receive_different_tokens" time="1.658" /><testcase classname="tests.test_auth.test_login" name="test_same_user_can_login_multiple_times" time="1.075" /><testcase classname="tests.test_auth.test_login" name="test_missing_bearer_prefix_rejected" time="0.729" /><testcase classname="tests.test_auth.test_login" name="test_no_auth_header_rejected" time="0.007" /><testcase classname="tests.test_auth.test_signup" name="test_signup_creates_user" time="0.372" /><testcase classname="tests.test_auth.test_signup" name="test_signup_duplicate_username_returns_409" time="0.379" /><testcase classname="tests.test_auth.test_signup" name="test_signup_different_users_succeed" time="0.746" /><testcase classname="tests.test_auth.test_signup" name="test_signup_missing_username_returns_422" time="0.008" /><testcase classname="tests.test_auth.test_signup" name="test_signup_missing_password_returns_422" time="0.009" /><testcase classname="tests.test_auth.test_signup" name="test_signup_empty_body_returns_422" time="0.008" /><testcase classname="tests.test_auth.test_signup" name="test_signup_returns_no_password_field" time="0.374" /><testcase classname="tests.test_auth.test_signup" name="test_signup_id_is_integer" time="0.397" /><testcase classname="tests.test_auth.test_signup" name="test_signup_username_is_case_sensitive" time="0.792" /><testcase classname="tests.test_auth.test_signup" name="test_signup_two_users_get_different_ids" time="0.785" /><testcase classname="tests.test_auth.test_signup" name="test_signup_response_schema_complete" time="0.390" /><testcase classname="tests.test_auth.test_signup" name="test_signup_created_at_is_iso_string" time="0.392" /><testcase classname="tests.test_auth.test_signup" name="test_signup_with_special_characters_in_password" time="0.393" /><testcase classname="tests.test_http" name="test_put_todos_returns_405" time="0.008" /><testcase classname="tests.test_http" name="test_get_single_todo_route_not_defined_returns_405" time="0.766" /><testcase classname="tests.test_http" name="test_post_todo_by_id_returns_405" time="0.728" /><testcase classname="tests.test_http" name="test_put_todo_by_id_returns_405" time="0.734" /><testcase classname="tests.test_http" name="test_delete_auth_signup_returns_405" time="0.008" /><testcase classname="tests.test_http" name="test_get_auth_login_returns_405" time="0.008" /><testcase classname="tests.test_http" name="test_unknown_route_returns_404" time="0.007" /><testcase classname="tests.test_http" name="test_get_todo_by_id_not_allowed" time="0.761" /><testcase classname="tests.test_http" name="test_non_json_body_signup_returns_422" time="0.008" /><testcase classname="tests.test_http" name="test_non_json_body_login_returns_422" time="0.009" /><testcase classname="tests.test_http" name="test_non_json_body_create_todo_returns_422" time="0.761" /><testcase classname="tests.test_root" name="test_root_returns_200" time="0.009" /><testcase classname="tests.test_root" name="test_root_returns_json" time="0.008" /><testcase classname="tests.test_root" name="test_root_contains_message_key" time="0.007" /><testcase classname="tests.test_root" name="test_root_message_is_string" time="0.008" /><testcase classname="tests.test_root" name="test_root_no_auth_required" time="0.007" /><testcase classname="tests.test_todos.test_crud" name="test_get_todos_without_token_returns_401" time="0.008" /><testcase classname="tests.test_todos.test_crud" name="test_post_todo_without_token_returns_401" time="0.007" /><testcase classname="tests.test_todos.test_crud" name="test_get_todos_initially_empty" time="0.777" /><testcase classname="tests.test_todos.test_crud" name="test_get_todos_returns_own_todos" time="0.784" /><testcase classname="tests.test_todos.test_crud" name="test_get_todos_response_is_list" time="0.756" /><testcase classname="tests.test_todos.test_crud" name="test_get_todos_item_schema" time="0.778" /><testcase classname="tests.test_todos.test_crud" name="test_get_todos_count_matches_creates_and_deletes" time="0.793" /><testcase classname="tests.test_todos.test_crud" name="test_patch_without_token_returns_401" time="0.009" /><testcase classname="tests.test_todos.test_crud" name="test_delete_without_token_returns_401" time="0.006" /><testcase classname="tests.test_todos.test_crud" name="test_create_todo_returns_201" time="0.652" /><testcase classname="tests.test_todos.test_crud" name="test_create_todo_fields" time="0.663" /><testcase classname="tests.test_todos.test_crud" name="test_create_todo_default_priority_is_medium" time="0.702" /><testcase classname="tests.test_todos.test_crud" name="test_create_todo_with_due_date" time="0.720" /><testcase classname="tests.test_todos.test_crud" name="test_create_todo_invalid_priority_returns_422" time="0.703" /><testcase classname="tests.test_todos.test_crud" name="test_create_todo_empty_title_returns_422" time="0.696" /><testcase classname="tests.test_todos.test_crud" name="test_create_todo_missing_title_returns_422" time="0.777" /><testcase classname="tests.test_todos.test_crud" name="test_create_todo_priority_low" time="0.777" /><testcase classname="tests.test_todos.test_crud" name="test_create_todo_priority_medium_explicit" time="0.753" /><testcase classname="tests.test_todos.test_crud" name="test_create_todo_priority_high" time="0.762" /><testcase classname="tests.test_todos.test_crud" name="test_create_todo_all_fields" time="0.757" /><testcase classname="tests.test_todos.test_crud" name="test_create_todo_without_due_date_returns_null" time="0.727" /><testcase classname="tests.test_todos.test_crud" name="test_create_todo_invalid_date_format_returns_422" time="0.737" /><testcase classname="tests.test_todos.test_crud" name="test_create_todo_ids_are_unique" time="0.758" /><testcase classname="tests.test_todos.test_crud" name="test_create_todo_completed_defaults_to_false" time="0.730" /><testcase classname="tests.test_todos.test_crud" name="test_toggle_complete" time="0.756" /><testcase classname="tests.test_todos.test_crud" name="test_update_title" time="0.770" /><testcase classname="tests.test_todos.test_crud" name="test_update_priority" time="0.762" /><testcase classname="tests.test_todos.test_crud" name="test_update_due_date" time="0.742" /><testcase classname="tests.test_todos.test_crud" name="test_update_title_to_whitespace_returns_422" time="0.681" /><testcase classname="tests.test_todos.test_crud" name="test_update_nonexistent_todo_returns_404" time="0.700" /><testcase classname="tests.test_todos.test_crud" name="test_patch_empty_payload_leaves_todo_unchanged" time="0.782" /><testcase classname="tests.test_todos.test_crud" name="test_patch_multiple_fields_at_once" time="0.925" /><testcase classname="tests.test_todos.test_crud" name="test_patch_toggle_complete_back_to_false" time="0.966" /><testcase classname="tests.test_todos.test_crud" name="test_patch_clear_due_date" time="0.949" /><testcase classname="tests.test_todos.test_crud" name="test_patch_returns_full_todo_schema" time="0.935" /><testcase classname="tests.test_todos.test_crud" name="test_delete_todo" time="0.905" /><testcase classname="tests.test_todos.test_crud" name="test_deleted_todo_not_in_list" time="0.857" /><testcase classname="tests.test_todos.test_crud" name="test_delete_nonexistent_todo_returns_404" time="0.845" /><testcase classname="tests.test_todos.test_crud" name="test_delete_returns_no_body" time="0.821" /><testcase classname="tests.test_todos.test_crud" name="test_delete_twice_returns_404_second_time" time="0.805" /><testcase classname="tests.test_todos.test_crud" name="test_create_todo_owner_id_matches_user" time="1.524" /><testcase classname="tests.test_todos.test_crud" name="test_get_todos_all_items_belong_to_current_user" time="0.758" /><testcase classname="tests.test_todos.test_crud" name="test_create_todo_created_at_is_iso_string" time="0.726" /><testcase classname="tests.test_todos.test_crud" name="test_get_todos_content_type_is_json" time="0.717" /><testcase classname="tests.test_todos.test_crud" name="test_patch_preserves_untouched_fields" time="0.710" /><testcase classname="tests.test_todos.test_crud" name="test_get_todos_reflects_updates" time="0.721" /><testcase classname="tests.test_todos.test_crud" name="test_multiple_consecutive_toggles" time="0.813" /><testcase classname="tests.test_todos.test_crud" name="test_alice_token_valid_after_bob_creates_many_todos" time="1.373" /><testcase classname="tests.test_todos.test_crud" name="test_delete_one_leaves_siblings_intact" time="0.698" /><testcase classname="tests.test_todos.test_crud" name="test_list_includes_completed_todos" time="0.737" /><testcase classname="tests.test_todos.test_crud" name="test_list_includes_both_active_and_completed" time="0.744" /><testcase classname="tests.test_todos.test_crud" name="test_list_active_count_decreases_after_completion" time="0.741" /><testcase classname="tests.test_todos.test_crud" name="test_list_completed_count_after_marking_all" time="0.836" /><testcase classname="tests.test_todos.test_crud" name="test_list_completed_field_accurate_after_unmark" time="0.803" /><testcase classname="tests.test_todos.test_crud" name="test_list_does_not_auto_filter_completed_todos" time="0.798" /><testcase classname="tests.test_todos.test_isolation" name="test_user_sees_only_own_todos" time="1.590" /><testcase classname="tests.test_todos.test_isolation" name="test_bob_cannot_see_alices_todo_in_list" time="1.577" /><testcase classname="tests.test_todos.test_isolation" name="test_bob_cannot_delete_alices_todo" time="1.520" /><testcase classname="tests.test_todos.test_isolation" name="test_bob_cannot_update_alices_todo" time="1.483" /><testcase classname="tests.test_todos.test_isolation" name="test_alices_todo_unaffected_after_bob_delete_attempt" time="1.438" /><testcase classname="tests.test_todos.test_isolation" name="test_multiple_users_independent_lists" time="1.371" /><testcase classname="tests.test_todos.test_validation" name="test_create_todo_whitespace_only_title_rejected[]" time="0.699" /><testcase classname="tests.test_todos.test_validation" name="test_create_todo_whitespace_only_title_rejected[ ]" time="0.737" /><testcase classname="tests.test_todos.test_validation" name="test_create_todo_whitespace_only_title_rejected[   ]" time="0.810" /><testcase classname="tests.test_todos.test_validation" name="test_create_todo_whitespace_only_title_rejected[\t]" time="0.907" /><testcase classname="tests.test_todos.test_validation" name="test_create_todo_whitespace_only_title_rejected[\n]" time="0.940" /><testcase classname="tests.test_todos.test_validation" name="test_create_todo_whitespace_only_title_rejected[\t \n]" time="0.939" /><testcase classname="tests.test_todos.test_validation" name="test_patch_whitespace_only_title_rejected[ ]" time="0.968" /><testcase classname="tests.test_todos.test_validation" name="test_patch_whitespace_only_title_rejected[\t]" time="1.075" /><testcase classname="tests.test_todos.test_validation" name="test_patch_whitespace_only_title_rejected[\n]" time="0.997" /><testcase classname="tests.test_todos.test_validation" name="test_create_todo_priority_wrong_case_rejected[high]" time="0.949" /><testcase classname="tests.test_todos.test_validation" name="test_create_todo_priority_wrong_case_rejected[low]" time="1.018" /><testcase classname="tests.test_todos.test_validation" name="test_create_todo_priority_wrong_case_rejected[medium]" time="1.348" /><testcase classname="tests.test_todos.test_validation" name="test_create_todo_priority_wrong_case_rejected[HIGH]" time="1.305" /><testcase classname="tests.test_todos.test_validation" name="test_create_todo_priority_wrong_case_rejected[LOW]" time="1.247" /><testcase classname="tests.test_todos.test_validation" name="test_create_todo_priority_wrong_case_rejected[MEDIUM]" time="1.122" /><testcase classname="tests.test_todos.test_validation" name="test_patch_invalid_priority_rejected[high]" time="1.135" /><testcase classname="tests.test_todos.test_validation" name="test_patch_invalid_priority_rejected[low]" time="0.971" /><testcase classname="tests.test_todos.test_validation" name="test_patch_invalid_priority_rejected[medium]" time="1.046" /><testcase classname="tests.test_todos.test_validation" name="test_patch_invalid_priority_rejected[Urgent]" time="1.058" /><testcase classname="tests.test_todos.test_validation" name="test_patch_invalid_priority_rejected[Critical]" time="1.086" /><testcase classname="tests.test_todos.test_validation" name="test_create_todo_past_due_date_accepted" time="1.061" /><testcase classname="tests.test_todos.test_validation" name="test_create_todo_nonexistent_calendar_date_rejected" time="1.013" /><testcase classname="tests.test_todos.test_validation" name="test_create_todo_due_date_wrong_format_rejected" time="1.049" /><testcase classname="tests.test_todos.test_validation" name="test_patch_invalid_due_date_rejected" time="0.970" /><testcase classname="tests.test_todos.test_validation" name="test_patch_nonexistent_calendar_date_rejected" time="1.053" /><testcase classname="tests.test_todos.test_validation" name="test_patch_non_integer_id_returns_422" time="1.122" /><testcase classname="tests.test_todos.test_validation" name="test_delete_non_integer_id_returns_422" time="1.010" /><testcase classname="tests.test_todos.test_validation" name="test_patch_float_id_returns_422" time="1.023" /></testsuite></testsuites>